<?xml version="1.0" encoding="UTF-8"?>
<!-- Generated by org.testng.reporters.JUnitReportReporter -->
<testsuite hostname="SGSLP047" failures="0" tests="4" name="com.qa.ermatt.tests.LoginPageTest" time="5.475" errors="0" timestamp="2023-11-24T14:57:46 IST" skipped="0">
  <testcase classname="com.qa.ermatt.tests.LoginPageTest" name="loginPageTitleTest" time="0.013"/>
  <testcase classname="com.qa.ermatt.tests.LoginPageTest" name="loginPageURLtest" time="0.007"/>
  <testcase classname="com.qa.ermatt.tests.LoginPageTest" name="RememberMeCheckBoxTest" time="0.038"/>
  <testcase classname="com.qa.ermatt.tests.LoginPageTest" name="doLoginTest" time="5.417"/>
</testsuite> <!-- com.qa.ermatt.tests.LoginPageTest -->
